<?xml version="1.0" encoding="UTF-8"?>
<testsuite name="co.edu.uniquindio.perfiles.controller.ProfileControllerTest" tests="5" skipped="0" failures="0" errors="0" timestamp="2025-11-02T23:32:38.969Z" hostname="SANTIAGO" time="0.87">
  <properties/>
  <testcase name="unauthorizedWithoutToken()" classname="co.edu.uniquindio.perfiles.controller.ProfileControllerTest" time="0.428"/>
  <testcase name="createAndGetProfile()" classname="co.edu.uniquindio.perfiles.controller.ProfileControllerTest" time="0.341"/>
  <testcase name="putReplaceCreatesAndUpdatesProfile()" classname="co.edu.uniquindio.perfiles.controller.ProfileControllerTest" time="0.034"/>
  <testcase name="patchUpdatesPartialFields()" classname="co.edu.uniquindio.perfiles.controller.ProfileControllerTest" time="0.022"/>
  <testcase name="deleteRemovesProfile()" classname="co.edu.uniquindio.perfiles.controller.ProfileControllerTest" time="0.041"/>
  <system-out><![CDATA[18:32:33.955 [Test worker] INFO org.springframework.test.context.support.AnnotationConfigContextLoaderUtils -- Could not detect default configuration classes for test class [co.edu.uniquindio.perfiles.controller.ProfileControllerTest]: ProfileControllerTest does not declare any static, non-private, non-final, nested classes annotated with @Configuration.
18:32:34.139 [Test worker] INFO org.springframework.boot.test.context.SpringBootTestContextBootstrapper -- Found @SpringBootConfiguration co.edu.uniquindio.perfiles.ProfileServiceApplication for test class co.edu.uniquindio.perfiles.controller.ProfileControllerTest

  .   ____          _            __ _ _
 /\\ / ___'_ __ _ _(_)_ __  __ _ \ \ \ \
( ( )\___ | '_ | '_| | '_ \/ _` | \ \ \ \
 \\/  ___)| |_)| | | | | || (_| |  ) ) ) )
  '  |____| .__|_| |_|_| |_\__, | / / / /
 =========|_|==============|___/=/_/_/_/

 :: Spring Boot ::                (v3.3.5)

2025-11-02T18:32:34.580-05:00  INFO 24716 --- [gestion-perfiles] [    Test worker] c.e.u.p.c.ProfileControllerTest          : Starting ProfileControllerTest using Java 21.0.6 with PID 24716 (started by londg in C:\Users\londg\IdeaProjects\microservicios\gestion-perfiles)
2025-11-02T18:32:34.581-05:00  INFO 24716 --- [gestion-perfiles] [    Test worker] c.e.u.p.c.ProfileControllerTest          : No active profile set, falling back to 1 default profile: "default"
2025-11-02T18:32:35.438-05:00  INFO 24716 --- [gestion-perfiles] [    Test worker] .s.d.r.c.RepositoryConfigurationDelegate : Bootstrapping Spring Data JPA repositories in DEFAULT mode.
2025-11-02T18:32:35.490-05:00  INFO 24716 --- [gestion-perfiles] [    Test worker] .s.d.r.c.RepositoryConfigurationDelegate : Finished Spring Data repository scanning in 43 ms. Found 1 JPA repository interface.
2025-11-02T18:32:36.040-05:00  INFO 24716 --- [gestion-perfiles] [    Test worker] o.hibernate.jpa.internal.util.LogHelper  : HHH000204: Processing PersistenceUnitInfo [name: default]
2025-11-02T18:32:36.119-05:00  INFO 24716 --- [gestion-perfiles] [    Test worker] org.hibernate.Version                    : HHH000412: Hibernate ORM core version 6.5.3.Final
2025-11-02T18:32:36.157-05:00  INFO 24716 --- [gestion-perfiles] [    Test worker] o.h.c.internal.RegionFactoryInitiator    : HHH000026: Second-level cache disabled
2025-11-02T18:32:36.444-05:00  INFO 24716 --- [gestion-perfiles] [    Test worker] o.s.o.j.p.SpringPersistenceUnitInfo      : No LoadTimeWeaver setup: ignoring JPA class transformer
2025-11-02T18:32:36.470-05:00  INFO 24716 --- [gestion-perfiles] [    Test worker] com.zaxxer.hikari.HikariDataSource       : HikariPool-1 - Starting...
2025-11-02T18:32:36.616-05:00  INFO 24716 --- [gestion-perfiles] [    Test worker] com.zaxxer.hikari.pool.HikariPool        : HikariPool-1 - Added connection conn0: url=jdbc:h2:mem:profiles user=SA
2025-11-02T18:32:36.617-05:00  INFO 24716 --- [gestion-perfiles] [    Test worker] com.zaxxer.hikari.HikariDataSource       : HikariPool-1 - Start completed.
2025-11-02T18:32:36.636-05:00  WARN 24716 --- [gestion-perfiles] [    Test worker] org.hibernate.orm.deprecation            : HHH90000025: H2Dialect does not need to be specified explicitly using 'hibernate.dialect' (remove the property setting and it will be selected by default)
2025-11-02T18:32:37.459-05:00  INFO 24716 --- [gestion-perfiles] [    Test worker] o.h.e.t.j.p.i.JtaPlatformInitiator       : HHH000489: No JTA platform available (set 'hibernate.transaction.jta.platform' to enable JTA platform integration)
2025-11-02T18:32:37.518-05:00  INFO 24716 --- [gestion-perfiles] [    Test worker] j.LocalContainerEntityManagerFactoryBean : Initialized JPA EntityManagerFactory for persistence unit 'default'
2025-11-02T18:32:38.043-05:00  WARN 24716 --- [gestion-perfiles] [    Test worker] JpaBaseConfiguration$JpaWebConfiguration : spring.jpa.open-in-view is enabled by default. Therefore, database queries may be performed during view rendering. Explicitly configure spring.jpa.open-in-view to disable this warning
2025-11-02T18:32:38.923-05:00  INFO 24716 --- [gestion-perfiles] [    Test worker] o.s.b.t.m.w.SpringBootMockServletContext : Initializing Spring TestDispatcherServlet ''
2025-11-02T18:32:38.923-05:00  INFO 24716 --- [gestion-perfiles] [    Test worker] o.s.t.web.servlet.TestDispatcherServlet  : Initializing Servlet ''
2025-11-02T18:32:38.924-05:00  INFO 24716 --- [gestion-perfiles] [    Test worker] o.s.t.web.servlet.TestDispatcherServlet  : Completed initialization in 1 ms
2025-11-02T18:32:38.953-05:00  INFO 24716 --- [gestion-perfiles] [    Test worker] c.e.u.p.c.ProfileControllerTest          : Started ProfileControllerTest in 4.679 seconds (process running for 5.886)
]]></system-out>
  <system-err><![CDATA[WARNING: A Java agent has been loaded dynamically (C:\Users\londg\.gradle\caches\modules-2\files-2.1\net.bytebuddy\byte-buddy-agent\1.14.19\154da3a65b4f4a909d3e5bdec55d1b2b4cbb6ce1\byte-buddy-agent-1.14.19.jar)
WARNING: If a serviceability tool is in use, please run with -XX:+EnableDynamicAgentLoading to hide this warning
WARNING: If a serviceability tool is not in use, please run with -Djdk.instrument.traceUsage for more information
WARNING: Dynamic loading of agents will be disallowed by default in a future release
]]></system-err>
</testsuite>
