<?xml version="1.0" encoding="UTF-8"?>
<testsuite name="co.edu.uniquindio.perfiles.controller.ProfileControllerTest" tests="5" skipped="0" failures="0" errors="0" timestamp="2025-11-18T01:36:38.799Z" hostname="SANTIAGO" time="1.223">
  <properties/>
  <testcase name="unauthorizedWithoutToken()" classname="co.edu.uniquindio.perfiles.controller.ProfileControllerTest" time="0.645"/>
  <testcase name="createAndGetProfile()" classname="co.edu.uniquindio.perfiles.controller.ProfileControllerTest" time="0.455"/>
  <testcase name="putReplaceCreatesAndUpdatesProfile()" classname="co.edu.uniquindio.perfiles.controller.ProfileControllerTest" time="0.047"/>
  <testcase name="patchUpdatesPartialFields()" classname="co.edu.uniquindio.perfiles.controller.ProfileControllerTest" time="0.025"/>
  <testcase name="deleteRemovesProfile()" classname="co.edu.uniquindio.perfiles.controller.ProfileControllerTest" time="0.047"/>
  <system-out><![CDATA[20:36:31.499 [Test worker] INFO org.springframework.test.context.support.AnnotationConfigContextLoaderUtils -- Could not detect default configuration classes for test class [co.edu.uniquindio.perfiles.controller.ProfileControllerTest]: ProfileControllerTest does not declare any static, non-private, non-final, nested classes annotated with @Configuration.
20:36:31.716 [Test worker] INFO org.springframework.boot.test.context.SpringBootTestContextBootstrapper -- Found @SpringBootConfiguration co.edu.uniquindio.perfiles.ProfileServiceApplication for test class co.edu.uniquindio.perfiles.controller.ProfileControllerTest

  .   ____          _            __ _ _
 /\\ / ___'_ __ _ _(_)_ __  __ _ \ \ \ \
( ( )\___ | '_ | '_| | '_ \/ _` | \ \ \ \
 \\/  ___)| |_)| | | | | || (_| |  ) ) ) )
  '  |____| .__|_| |_|_| |_\__, | / / / /
 =========|_|==============|___/=/_/_/_/

 :: Spring Boot ::                (v3.3.5)

2025-11-17T20:36:32.338-05:00  INFO 12132 --- [gestion-perfiles] [    Test worker] c.e.u.p.c.ProfileControllerTest          : Starting ProfileControllerTest using Java 21.0.6 with PID 12132 (started by londg in C:\Users\londg\IdeaProjects\microservicios\gestion-perfiles)
2025-11-17T20:36:32.340-05:00  INFO 12132 --- [gestion-perfiles] [    Test worker] c.e.u.p.c.ProfileControllerTest          : No active profile set, falling back to 1 default profile: "default"
2025-11-17T20:36:33.591-05:00  INFO 12132 --- [gestion-perfiles] [    Test worker] .s.d.r.c.RepositoryConfigurationDelegate : Bootstrapping Spring Data JPA repositories in DEFAULT mode.
2025-11-17T20:36:33.660-05:00  INFO 12132 --- [gestion-perfiles] [    Test worker] .s.d.r.c.RepositoryConfigurationDelegate : Finished Spring Data repository scanning in 56 ms. Found 1 JPA repository interface.
2025-11-17T20:36:34.397-05:00  INFO 12132 --- [gestion-perfiles] [    Test worker] o.hibernate.jpa.internal.util.LogHelper  : HHH000204: Processing PersistenceUnitInfo [name: default]
2025-11-17T20:36:34.490-05:00  INFO 12132 --- [gestion-perfiles] [    Test worker] org.hibernate.Version                    : HHH000412: Hibernate ORM core version 6.5.3.Final
2025-11-17T20:36:34.560-05:00  INFO 12132 --- [gestion-perfiles] [    Test worker] o.h.c.internal.RegionFactoryInitiator    : HHH000026: Second-level cache disabled
2025-11-17T20:36:34.991-05:00  INFO 12132 --- [gestion-perfiles] [    Test worker] o.s.o.j.p.SpringPersistenceUnitInfo      : No LoadTimeWeaver setup: ignoring JPA class transformer
2025-11-17T20:36:35.040-05:00  INFO 12132 --- [gestion-perfiles] [    Test worker] com.zaxxer.hikari.HikariDataSource       : HikariPool-1 - Starting...
2025-11-17T20:36:35.313-05:00  INFO 12132 --- [gestion-perfiles] [    Test worker] com.zaxxer.hikari.pool.HikariPool        : HikariPool-1 - Added connection conn0: url=jdbc:h2:mem:profiles user=SA
2025-11-17T20:36:35.315-05:00  INFO 12132 --- [gestion-perfiles] [    Test worker] com.zaxxer.hikari.HikariDataSource       : HikariPool-1 - Start completed.
2025-11-17T20:36:35.364-05:00  WARN 12132 --- [gestion-perfiles] [    Test worker] org.hibernate.orm.deprecation            : HHH90000025: H2Dialect does not need to be specified explicitly using 'hibernate.dialect' (remove the property setting and it will be selected by default)
2025-11-17T20:36:36.693-05:00  INFO 12132 --- [gestion-perfiles] [    Test worker] o.h.e.t.j.p.i.JtaPlatformInitiator       : HHH000489: No JTA platform available (set 'hibernate.transaction.jta.platform' to enable JTA platform integration)
2025-11-17T20:36:36.777-05:00  INFO 12132 --- [gestion-perfiles] [    Test worker] j.LocalContainerEntityManagerFactoryBean : Initialized JPA EntityManagerFactory for persistence unit 'default'
2025-11-17T20:36:37.583-05:00  WARN 12132 --- [gestion-perfiles] [    Test worker] JpaBaseConfiguration$JpaWebConfiguration : spring.jpa.open-in-view is enabled by default. Therefore, database queries may be performed during view rendering. Explicitly configure spring.jpa.open-in-view to disable this warning
2025-11-17T20:36:38.749-05:00  INFO 12132 --- [gestion-perfiles] [    Test worker] o.s.b.t.m.w.SpringBootMockServletContext : Initializing Spring TestDispatcherServlet ''
2025-11-17T20:36:38.750-05:00  INFO 12132 --- [gestion-perfiles] [    Test worker] o.s.t.web.servlet.TestDispatcherServlet  : Initializing Servlet ''
2025-11-17T20:36:38.751-05:00  INFO 12132 --- [gestion-perfiles] [    Test worker] o.s.t.web.servlet.TestDispatcherServlet  : Completed initialization in 0 ms
2025-11-17T20:36:38.781-05:00  INFO 12132 --- [gestion-perfiles] [    Test worker] c.e.u.p.c.ProfileControllerTest          : Started ProfileControllerTest in 6.855 seconds (process running for 8.76)
]]></system-out>
  <system-err><![CDATA[WARNING: A Java agent has been loaded dynamically (C:\Users\londg\.gradle\caches\modules-2\files-2.1\net.bytebuddy\byte-buddy-agent\1.14.19\154da3a65b4f4a909d3e5bdec55d1b2b4cbb6ce1\byte-buddy-agent-1.14.19.jar)
WARNING: If a serviceability tool is in use, please run with -XX:+EnableDynamicAgentLoading to hide this warning
WARNING: If a serviceability tool is not in use, please run with -Djdk.instrument.traceUsage for more information
WARNING: Dynamic loading of agents will be disallowed by default in a future release
]]></system-err>
</testsuite>
